<?xml version="1.0" encoding="UTF-8"?>
<!-- Generated by org.testng.reporters.JUnitXMLReporter -->
<testsuite ignored="0" hostname="DESKTOP-A4RFSCH" failures="0" tests="4" name="Default test" time="38.849" errors="0" timestamp="2021-12-13T22:31:58 IST">
  <testcase classname="flip.Calculator" name="Mul" time="4.014"/>
  <testcase classname="flip.Calculator" name="Div" time="1.251"/>
  <testcase classname="flip.Calculator" name="Add" time="1.541"/>
  <testcase classname="flip.Calculator" name="Sub" time="1.418"/>
</testsuite> <!-- Default test -->
