<?xml version="1.0" encoding="UTF-8"?>
<testng-results ignored="0" total="4" passed="4" failed="0" skipped="0">
  <reporter-output>
  </reporter-output>
  <suite started-at="2021-12-13T22:31:19 IST" name="Default suite" finished-at="2021-12-13T22:31:58 IST" duration-ms="38849">
    <groups>
    </groups>
    <test started-at="2021-12-13T22:31:19 IST" name="Default test" finished-at="2021-12-13T22:31:58 IST" duration-ms="38849">
      <class name="flip.Calculator">
        <test-method is-config="true" signature="beforeTest()[pri:0, instance:flip.Calculator@62150f9e]" started-at="2021-12-13T22:31:19 IST" name="beforeTest" finished-at="2021-12-13T22:31:48 IST" duration-ms="29077" status="PASS">
          <reporter-output>
          </reporter-output>
        </test-method> <!-- beforeTest -->
        <test-method signature="Mul()[pri:0, instance:flip.Calculator@62150f9e]" started-at="2021-12-13T22:31:48 IST" name="Mul" finished-at="2021-12-13T22:31:52 IST" duration-ms="4014" status="PASS">
          <reporter-output>
          </reporter-output>
        </test-method> <!-- Mul -->
        <test-method signature="Div()[pri:1, instance:flip.Calculator@62150f9e]" started-at="2021-12-13T22:31:53 IST" name="Div" finished-at="2021-12-13T22:31:54 IST" duration-ms="1251" status="PASS">
          <reporter-output>
          </reporter-output>
        </test-method> <!-- Div -->
        <test-method signature="Add()[pri:2, instance:flip.Calculator@62150f9e]" started-at="2021-12-13T22:31:54 IST" name="Add" finished-at="2021-12-13T22:31:55 IST" duration-ms="1541" status="PASS">
          <reporter-output>
          </reporter-output>
        </test-method> <!-- Add -->
        <test-method signature="Sub()[pri:3, instance:flip.Calculator@62150f9e]" started-at="2021-12-13T22:31:55 IST" name="Sub" finished-at="2021-12-13T22:31:57 IST" duration-ms="1418" status="PASS">
          <reporter-output>
          </reporter-output>
        </test-method> <!-- Sub -->
        <test-method is-config="true" signature="afterTest()[pri:0, instance:flip.Calculator@62150f9e]" started-at="2021-12-13T22:31:57 IST" name="afterTest" finished-at="2021-12-13T22:31:58 IST" duration-ms="1274" status="PASS">
          <reporter-output>
          </reporter-output>
        </test-method> <!-- afterTest -->
      </class> <!-- flip.Calculator -->
    </test> <!-- Default test -->
  </suite> <!-- Default suite -->
</testng-results>
